<?xml version="1.0" encoding="ISO-8859-1"?>
<configuration xmlns:xsi="http://www.w3.org/2001/XMLSchema-instance" xsi:schemaLocation="http://www.exoplatform.org/xml/ns/kernel_1_2.xsd http://www.exoplatform.org/xml/ns/kernel_1_2.xsd" xmlns="http://www.exoplatform.org/xml/ns/kernel_1_2.xsd">
	<component>
		<type>org.exoplatform.commons.info.ProductInformations</type>
		<init-params>
			<value-param>
				<name>product.versions.declaration.file</name>
				<value>classpath:/conf/product_new.properties</value>
			</value-param>
		</init-params>
	</component>
	<component>
		<key>org.exoplatform.application.gadget.SourceStorage</key>
		<type>org.exoplatform.application.gadget.impl.SourceStorageImpl</type>
	</component>
	<component>
        <type>org.exoplatform.platform.organization.integration.OrganizationIntegrationService</type>
        <init-params>
            <value-param>
                <name>workspace</name>
                <value>collaboration</value>
            </value-param>
            <value-param>
                <name>homePath</name>
                <value>/</value>
            </value-param>
            <value-param>
                <name>synchronizeGroups</name>
                <value>false</value>
            </value-param>
        </init-params>
    </component>
    <component>
		<key>org.exoplatform.application.gadget.GadgetRegistryService</key>
		<type>org.exoplatform.application.gadget.impl.GadgetRegistryServiceImpl</type>
		<init-params>
			<value-param>
				<name>gadgets.country</name>
				<description>US</description>
				<value>US</value>
			</value-param>
			<value-param>
				<name>gadgets.language</name>
				<description>en</description>
				<value>en</value>
			</value-param>
			<value-param>
				<name>gadgets.moduleId</name>
				<description>0</description>
				<value>0</value>
			</value-param>
			<value-param>
				<name>gadgets.hostName</name>
				<description>Gadget server url</description>
				<value>eXoGadgetServer/gadgets</value>
			</value-param>
			<properties-param>
				<name>developerInfo</name>
				<description>The group that is allowed to develop gadgets</description>
				<property name="developer.group" value="/platform/administrators"/>
			</properties-param>
		</init-params>
	</component>
	<component>
		<key>org.exoplatform.application.gadget.GadgetDeployer</key>
		<type>org.exoplatform.application.gadget.GadgetDeployer</type>
	</component>
	<component>
		<key>org.exoplatform.application.registry.ApplicationRegistryService</key>
		<type>org.exoplatform.application.registry.impl.ApplicationRegistryServiceImpl</type>
	</component>
	<component>
		<key>org.exoplatform.commons.chromattic.ChromatticManager</key>
		<type>org.exoplatform.commons.chromattic.ChromatticManager</type>
	</component>
	<component>
		<key>org.exoplatform.portal.pom.config.POMSessionManager</key>
		<type>org.exoplatform.portal.pom.config.POMSessionManager</type>
	</component>
	<component>
		<key>org.exoplatform.portal.pom.data.ModelDataStorage</key>
		<type>org.exoplatform.portal.pom.config.POMDataStorage</type>
	</component>
	<component>
		<key>org.exoplatform.services.jcr.ext.hierarchy.NodeHierarchyCreator</key>
		<type>org.exoplatform.services.jcr.ext.hierarchy.impl.NodeHierarchyCreatorImpl</type>
	</component>
	<component>
		<key>org.exoplatform.portal.config.UserACL</key>
		<type>org.exoplatform.portal.config.UserACL</type>
		<init-params>
			<value-param>
				<name>super.user</name>
				<description>administrator</description>
				<value>root</value>
			</value-param>
			<value-param>
				<name>guests.group</name>
				<description>guests group</description>
				<value>/platform/guests</value>
			</value-param>
			<value-param>
				<name>navigation.creator.membership.type</name>
				<description>specific membership type have full permission with group navigation</description>
				<value>manager</value>
			</value-param>
		</init-params>
	</component>
	<component>
		<type>org.exoplatform.commons.upgrade.UpgradeProductService</type>
		<init-params>
			<!-- Proceed to the upgrade if it's first time you run this service -->
			<value-param>
				<name>proceedUpgradeWhenFirstRun</name>
				<value>${commons.upgrade.proceedIfFirstRun}</value>
			</value-param>
		</init-params>
	</component>
	<external-component-plugins>
		<target-component>org.exoplatform.services.jcr.ext.hierarchy.NodeHierarchyCreator</target-component>
		<component-plugin>
			<name>addPaths</name>
			<set-method>addPlugin</set-method>
			<type>org.exoplatform.services.jcr.ext.hierarchy.impl.AddPathPlugin</type>
			<init-params>
				<object-param>
					<name>cms.configuration</name>
					<description>configuration for the cms path</description>
					<object type="org.exoplatform.services.jcr.ext.hierarchy.impl.HierarchyConfig">
						<field name="repository">
							<string>repository</string>
						</field>
						<field name="workspaces">
							<collection type="java.util.ArrayList">
								<value>
									<string>collaboration</string>
								</value>
							</collection>
						</field>
						<field name="jcrPaths">
							<collection type="java.util.ArrayList">
								<value>
									<object type="org.exoplatform.services.jcr.ext.hierarchy.impl.HierarchyConfig$JcrPath">
										<field name="alias">
											<string>exoApplicationDataNode</string>
										</field>
										<field name="path">
											<string>/Application Data</string>
										</field>
										<field name="mixinTypes">
											<collection type="java.util.ArrayList">
												<value>
													<string>exo:hiddenable</string>
												</value>
											</collection>
										</field>
										<field name="permissions">
											<collection type="java.util.ArrayList">
												<value>
													<object type="org.exoplatform.services.jcr.ext.hierarchy.impl.HierarchyConfig$Permission">
														<field name="identity">
															<string>any</string>
														</field>
														<field name="read">
															<string>true</string>
														</field>
														<field name="addNode">
															<string>false</string>
														</field>
														<field name="setProperty">
															<string>false</string>
														</field>
														<field name="remove">
															<string>false</string>
														</field>
													</object>
												</value>
											</collection>
										</field>
									</object>
								</value>
							</collection>
						</field>
					</object>
				</object-param>
			</init-params>
		</component-plugin>
	</external-component-plugins>
	<external-component-plugins>
		<target-component>org.exoplatform.services.jcr.ext.hierarchy.NodeHierarchyCreator</target-component>
		<component-plugin>
			<name>addPaths</name>
			<set-method>addPlugin</set-method>
			<type>org.exoplatform.services.jcr.ext.hierarchy.impl.AddPathPlugin</type>
			<init-params>
				<object-param>
					<name>cms.configuration</name>
					<description>configuration for the cms path</description>
					<object type="org.exoplatform.services.jcr.ext.hierarchy.impl.HierarchyConfig">
						<field name="repository">
							<string>repository</string>
						</field>
						<field name="workspaces">
							<collection type="java.util.ArrayList">
								<value>
									<string>collaboration</string>
								</value>
							</collection>
						</field>
						<field name="jcrPaths">
							<collection type="java.util.ArrayList">
								<value>
									<object type="org.exoplatform.services.jcr.ext.hierarchy.impl.HierarchyConfig$JcrPath">
										<field name="alias">
											<string>exoApplicationDataNode</string>
										</field>
										<field name="path">
											<string>/Application Data</string>
										</field>
										<field name="mixinTypes">
											<collection type="java.util.ArrayList">
												<value>
													<string>exo:hiddenable</string>
												</value>
											</collection>
										</field>
										<field name="permissions">
											<collection type="java.util.ArrayList">
												<value>
													<object type="org.exoplatform.services.jcr.ext.hierarchy.impl.HierarchyConfig$Permission">
														<field name="identity">
															<string>any</string>
														</field>
														<field name="read">
															<string>true</string>
														</field>
														<field name="addNode">
															<string>false</string>
														</field>
														<field name="setProperty">
															<string>false</string>
														</field>
														<field name="remove">
															<string>false</string>
														</field>
													</object>
												</value>
											</collection>
										</field>
									</object>
								</value>
							</collection>
						</field>
					</object>
				</object-param>
			</init-params>
		</component-plugin>
	</external-component-plugins>
	<external-component-plugins>
		<target-component>org.exoplatform.commons.chromattic.ChromatticManager</target-component>
		<component-plugin>
			<name>chromattic</name>
			<set-method>addLifeCycle</set-method>
			<type>org.exoplatform.application.registry.impl.ApplicationRegistryChromatticLifeCycle</type>
			<init-params>
				<value-param>
					<name>domain-name</name>
					<value>app</value>
				</value-param>
				<value-param>
					<name>workspace-name</name>
					<value>portal-test</value>
				</value-param>
				<values-param>
					<name>entities</name>
					<value>org.exoplatform.application.registry.impl.ContentRegistry</value>
					<value>org.exoplatform.application.registry.impl.CategoryDefinition</value>
					<value>org.exoplatform.application.registry.impl.ContentDefinition</value>
					<value>org.exoplatform.application.gadget.impl.GadgetRegistry</value>
					<value>org.exoplatform.application.gadget.impl.GadgetDefinition</value>
					<value>org.exoplatform.application.gadget.impl.LocalGadgetData</value>
					<value>org.exoplatform.application.gadget.impl.RemoteGadgetData</value>
					<value>org.chromattic.ext.ntdef.NTFile</value>
					<value>org.chromattic.ext.ntdef.NTFolder</value>
					<value>org.chromattic.ext.ntdef.NTResource</value>
				</values-param>
			</init-params>
		</component-plugin>
	</external-component-plugins>
	<external-component-plugins>
		<target-component>org.exoplatform.commons.chromattic.ChromatticManager</target-component>
		<component-plugin>
			<name>chromattic</name>
			<set-method>addLifeCycle</set-method>
			<type>org.exoplatform.portal.pom.config.MOPChromatticLifeCycle</type>
			<init-params>
				<value-param>
					<name>domain-name</name>
					<value>mop</value>
				</value-param>
				<value-param>
					<name>workspace-name</name>
					<value>portal-test</value>
				</value-param>
				<values-param>
					<name>entities</name>
					<value>org.gatein.mop.core.api.workspace.WorkspaceImpl</value>
					<value>org.gatein.mop.core.api.workspace.UIContainerImpl</value>
					<value>org.gatein.mop.core.api.workspace.UIWindowImpl</value>
					<value>org.gatein.mop.core.api.workspace.UIBodyImpl</value>
					<value>org.gatein.mop.core.api.workspace.PageImpl</value>
					<value>org.gatein.mop.core.api.workspace.PageContainer</value>
					<value>org.gatein.mop.core.api.workspace.NavigationImpl</value>
					<value>org.gatein.mop.core.api.workspace.NavigationContainer</value>
					<value>org.gatein.mop.core.api.workspace.PageLinkImpl</value>
					<value>org.gatein.mop.core.api.workspace.URLLinkImpl</value>
					<value>org.gatein.mop.core.api.workspace.PortalSiteContainer</value>
					<value>org.gatein.mop.core.api.workspace.PortalSite</value>
					<value>org.gatein.mop.core.api.workspace.GroupSiteContainer</value>
					<value>org.gatein.mop.core.api.workspace.GroupSite</value>
					<value>org.gatein.mop.core.api.workspace.UserSiteContainer</value>
					<value>org.gatein.mop.core.api.workspace.UserSite</value>
					<value>org.gatein.mop.core.api.workspace.TemplatizedImpl</value>
					<value>org.gatein.mop.core.api.AttributesImpl</value>
					<value>org.gatein.mop.core.api.Attribute</value>
					<value>org.gatein.mop.core.api.PathAttribute</value>
					<value>org.gatein.mop.core.api.StringAttribute</value>
					<value>org.gatein.mop.core.api.BooleanAttribute</value>
					<value>org.gatein.mop.core.api.IntegerAttribute</value>
					<value>org.gatein.mop.core.api.DateAttribute</value>
					<value>org.gatein.mop.core.api.workspace.content.CustomizationContainer</value>
					<value>org.gatein.mop.core.api.workspace.content.ContextTypeContainer</value>
					<value>org.gatein.mop.core.api.workspace.content.ContextType</value>
					<value>org.gatein.mop.core.api.workspace.content.ContextSpecialization</value>
					<value>org.gatein.mop.core.api.workspace.content.WorkspaceClone</value>
					<value>org.gatein.mop.core.api.workspace.content.WorkspaceSpecialization</value>
					<value>org.exoplatform.portal.pom.spi.portlet.PortletState</value>
					<value>org.exoplatform.portal.pom.spi.portlet.PreferenceState</value>
					<value>org.exoplatform.portal.pom.spi.gadget.GadgetState</value>
					<value>org.exoplatform.portal.pom.spi.wsrp.WSRPState</value>
					<value>org.exoplatform.portal.mop.ProtectedResource</value>
					<value>org.exoplatform.portal.mop.Described</value>
					<value>org.exoplatform.portal.mop.Visible</value>
					<value>org.exoplatform.portal.config.SampleMixin</value>
				</values-param>
			</init-params>
		</component-plugin>
	</external-component-plugins>
	<external-component-plugins>
		<target-component>org.exoplatform.services.jcr.RepositoryService</target-component>
		<component-plugin>
			<name>add.namespaces</name>
			<set-method>addPlugin</set-method>
			<type>org.exoplatform.services.jcr.impl.AddNamespacesPlugin</type>
			<init-params>
				<properties-param>
					<name>namespaces</name>
					<property name="mop" value="http://www.gatein.org/jcr/mop/1.0/"/>
					<property name="gtn" value="http://www.gatein.org/jcr/gatein/1.0/"/>
					<property name="app" value="http://www.gatein.org/jcr/application-registry/1.0/"/>
				</properties-param>
			</init-params>
		</component-plugin>
		<component-plugin>
			<name>add.nodeType</name>
			<set-method>addPlugin</set-method>
			<type>org.exoplatform.services.jcr.impl.AddNodeTypePlugin</type>
			<init-params>
				<values-param>
					<name>autoCreatedInNewRepository</name>
					<description>Node types configuration file</description>
					<value>jar:/conf/gatein-nodetypes.xml</value>
					<value>jar:/conf/mop-nodetypes.xml</value>
					<value>jar:/conf/content-nodetypes.xml</value>
					<value>jar:/conf/test-mop-nodetypes.xml</value>
					<value>jar:/conf/application-nodetypes.xml</value>
					<value>classpath:/conf/mock-nodetypes-config.xml</value>
				</values-param>
			</init-params>
		</component-plugin>
	</external-component-plugins>
	<external-component-plugins>
		<target-component>org.exoplatform.commons.chromattic.ChromatticManager</target-component>
		<component-plugin>
			<name>chromattic</name>
			<set-method>addLifeCycle</set-method>
			<type>org.exoplatform.application.registry.impl.ApplicationRegistryChromatticLifeCycle</type>
			<init-params>
				<value-param>
					<name>domain-name</name>
					<value>app</value>
				</value-param>
				<value-param>
					<name>workspace-name</name>
					<value>collaboration</value>
				</value-param>
				<values-param>
					<name>entities</name>
					<value>org.exoplatform.application.registry.impl.ContentRegistry</value>
					<value>org.exoplatform.application.registry.impl.CategoryDefinition</value>
					<value>org.exoplatform.application.registry.impl.ContentDefinition</value>
					<value>org.exoplatform.application.gadget.impl.GadgetRegistry</value>
					<value>org.exoplatform.application.gadget.impl.GadgetDefinition</value>
					<value>org.exoplatform.application.gadget.impl.LocalGadgetData</value>
					<value>org.exoplatform.application.gadget.impl.RemoteGadgetData</value>
					<value>org.chromattic.ext.ntdef.NTFile</value>
					<value>org.chromattic.ext.ntdef.NTFolder</value>
					<value>org.chromattic.ext.ntdef.NTResource</value>
				</values-param>
				<properties-param>
					<name>options</name>
					<property name="org.chromattic.api.Option.root_node.path" value="/production"/>
					<property name="org.chromattic.api.Option.root_node.create" value="true"/>
				</properties-param>
			</init-params>
		</component-plugin>
	</external-component-plugins>
	<external-component-plugins>
		<target-component>org.exoplatform.commons.upgrade.UpgradeProductService</target-component>
		<component-plugin>
			<name>Upgrade-Gadgets</name>
			<set-method>addUpgradePlugin</set-method>
			<type>org.exoplatform.platform.upgrade.plugins.UpgradeLocalGadgetsPlugin</type>
			<description>Gadgets Upgrade Plugin</description>
			<init-params>
				<value-param>
					<name>product.group.id</name>
					<description>The groupId of the product</description>
					<value>org.exoplatform.platform</value>
				</value-param>
				<value-param>
					<name>plugin.execution.order</name>
					<description>The plugin execution order</description>
					<value>1</value>
				</value-param>
				<object-param>
					<name>test-gadget</name>
					<object type="org.exoplatform.platform.upgrade.plugins.GadgetUpgrade">
						<!-- The list of name of the dependencies to add -->
						<field name="name">
							<string>test</string>
						</field>
						<field name="path">
							<string>classpath:/conf/gadgets/gadget2/gadget2.xml</string>
						</field>
					</object>
				</object-param>
			</init-params>
		</component-plugin>
	</external-component-plugins>
    <import>classpath:/conf/portal/idm-configuration.xml</import>
    <import>classpath:/conf/portal/organization-configuration.xml</import>
	<import>classpath:/conf/jcr/test-jcr-configuration.xml</import>
	<remove-configuration>org.exoplatform.services.deployment.ContentInitializerService</remove-configuration>
	<remove-configuration>org.exoplatform.platform.common.module.ModuleRegistry</remove-configuration>
	<remove-configuration>org.exoplatform.platform.common.rest.PlatformInformationRESTService</remove-configuration>
	<remove-configuration>org.exoplatform.platform.common.rest.DashboardInformationRESTService</remove-configuration>
	<remove-configuration>org.exoplatform.platform.common.service.MenuConfiguratorService</remove-configuration>
</configuration>